2025-05-22 14:39:21,867 INFO o.a.j.u.JMeterUtils: Setting Locale to en_EN
2025-05-22 14:39:21,891 INFO o.a.j.JMeter: Loading user properties from: /opt/jmeter/bin/user.properties
2025-05-22 14:39:21,891 INFO o.a.j.JMeter: Loading system properties from: system.properties
2025-05-22 14:39:21,897 INFO o.a.j.JMeter: Copyright (c) 1998-2024 The Apache Software Foundation
2025-05-22 14:39:21,897 INFO o.a.j.JMeter: Version 5.6.3
2025-05-22 14:39:21,897 INFO o.a.j.JMeter: java.version=11.0.27
2025-05-22 14:39:21,897 INFO o.a.j.JMeter: java.vm.name=OpenJDK 64-Bit Server VM
2025-05-22 14:39:21,897 INFO o.a.j.JMeter: os.name=Linux
2025-05-22 14:39:21,898 INFO o.a.j.JMeter: os.arch=amd64
2025-05-22 14:39:21,898 INFO o.a.j.JMeter: os.version=6.11.0-26-generic
2025-05-22 14:39:21,898 INFO o.a.j.JMeter: file.encoding=UTF-8
2025-05-22 14:39:21,898 INFO o.a.j.JMeter: java.awt.headless=null
2025-05-22 14:39:21,898 INFO o.a.j.JMeter: Max memory     =1073741824
2025-05-22 14:39:21,898 INFO o.a.j.JMeter: Available Processors =6
2025-05-22 14:39:21,906 INFO o.a.j.JMeter: Default Locale=English (EN)
2025-05-22 14:39:21,906 INFO o.a.j.JMeter: JMeter  Locale=English (EN)
2025-05-22 14:39:21,906 INFO o.a.j.JMeter: JMeterHome=/opt/jmeter
2025-05-22 14:39:21,906 INFO o.a.j.JMeter: user.dir  =/home/zai/Documents/semester7/automatizacion/ecommerceDevOps/ecommerce-microservice-backend-app
2025-05-22 14:39:21,906 INFO o.a.j.JMeter: PWD       =/home/zai/Documents/semester7/automatizacion/ecommerceDevOps/ecommerce-microservice-backend-app
2025-05-22 14:39:21,906 INFO o.a.j.JMeter: IP: 127.0.1.1 Name: zai FullName: zai
2025-05-22 14:39:21,920 INFO o.a.j.JMeter: Loaded icon properties from org/apache/jmeter/images/icon.properties
2025-05-22 14:39:22,237 INFO o.a.j.JMeterGuiLauncher: Setting LAF to: com.github.weisj.darklaf.DarkLaf:com.github.weisj.darklaf.theme.DarculaTheme
2025-05-22 14:40:11,359 INFO o.a.j.s.FileServer: Default base='/home/zai/Documents/semester7/automatizacion/ecommerceDevOps/ecommerce-microservice-backend-app'
2025-05-22 14:40:11,361 INFO o.a.j.s.FileServer: Set new base='/home/zai/Documents/semester7/automatizacion/ecommerceDevOps/docs'
2025-05-22 14:40:11,563 INFO o.a.j.s.SaveService: Testplan (JMX) version: 2.2. Testlog (JTL) version: 2.2
2025-05-22 14:40:11,573 INFO o.a.j.s.SaveService: Using SaveService properties version 5.0
2025-05-22 14:40:11,575 INFO o.a.j.s.SaveService: Using SaveService properties file encoding UTF-8
2025-05-22 14:40:25,688 INFO o.a.j.p.h.s.HTTPSamplerBase: Parser for text/html is org.apache.jmeter.protocol.http.parser.LagartoBasedHtmlParser
2025-05-22 14:40:25,689 INFO o.a.j.p.h.s.HTTPSamplerBase: Parser for application/xhtml+xml is org.apache.jmeter.protocol.http.parser.LagartoBasedHtmlParser
2025-05-22 14:40:25,689 INFO o.a.j.p.h.s.HTTPSamplerBase: Parser for application/xml is org.apache.jmeter.protocol.http.parser.LagartoBasedHtmlParser
2025-05-22 14:40:25,689 INFO o.a.j.p.h.s.HTTPSamplerBase: Parser for text/xml is org.apache.jmeter.protocol.http.parser.LagartoBasedHtmlParser
2025-05-22 14:40:25,689 INFO o.a.j.p.h.s.HTTPSamplerBase: Parser for text/vnd.wap.wml is org.apache.jmeter.protocol.http.parser.RegexpHTMLParser
2025-05-22 14:40:25,690 INFO o.a.j.p.h.s.HTTPSamplerBase: Parser for text/css is org.apache.jmeter.protocol.http.parser.CssParser
2025-05-22 14:41:37,719 INFO o.a.j.e.StandardJMeterEngine: Running the test!
2025-05-22 14:41:37,722 INFO o.a.j.s.SampleEvent: List of sample_variables: []
2025-05-22 14:41:37,722 INFO o.a.j.s.SampleEvent: List of sample_variables: []
2025-05-22 14:41:37,723 INFO o.a.j.e.u.CompoundVariable: Note: Function class names must contain the string: '.functions.'
2025-05-22 14:41:37,723 INFO o.a.j.e.u.CompoundVariable: Note: Function class names must not contain the string: '.gui.'
2025-05-22 14:41:37,987 INFO o.a.j.g.u.JMeterMenuBar: setRunning(true, *local*)
2025-05-22 14:41:38,031 INFO o.a.j.e.StandardJMeterEngine: Starting ThreadGroup: 1 : Thread Group
2025-05-22 14:41:38,032 INFO o.a.j.e.StandardJMeterEngine: Starting 1 threads for group Thread Group.
2025-05-22 14:41:38,032 INFO o.a.j.e.StandardJMeterEngine: Thread will continue on error
2025-05-22 14:41:38,032 INFO o.a.j.t.ThreadGroup: Starting thread group... number=1 threads=1 ramp-up=1 delayedStart=false
2025-05-22 14:41:38,035 INFO o.a.j.t.ThreadGroup: Started thread group number 1
2025-05-22 14:41:38,035 INFO o.a.j.e.StandardJMeterEngine: All thread groups have been started
2025-05-22 14:41:38,036 INFO o.a.j.t.JMeterThread: Thread started: Thread Group 1-1
2025-05-22 14:41:38,053 INFO o.a.j.p.h.s.HTTPHCAbstractImpl: Local host = zai
2025-05-22 14:41:38,061 INFO o.a.j.p.h.s.HTTPHC4Impl: HTTP request retry count = 0
2025-05-22 14:41:38,063 INFO o.a.j.s.SampleResult: Note: Sample TimeStamps are START times
2025-05-22 14:41:38,063 INFO o.a.j.s.SampleResult: sampleresult.default.encoding is set to UTF-8
2025-05-22 14:41:38,063 INFO o.a.j.s.SampleResult: sampleresult.useNanoTime=true
2025-05-22 14:41:38,063 INFO o.a.j.s.SampleResult: sampleresult.nanoThreadSleep=5000
2025-05-22 14:41:38,200 INFO o.a.j.t.JMeterThread: Thread is done: Thread Group 1-1
2025-05-22 14:41:38,200 INFO o.a.j.t.JMeterThread: Thread finished: Thread Group 1-1
2025-05-22 14:41:38,201 INFO o.a.j.e.StandardJMeterEngine: Notifying test listeners of end of test
2025-05-22 14:41:38,202 INFO o.a.j.g.u.JMeterMenuBar: setRunning(false, *local*)
2025-05-22 14:41:48,038 INFO o.a.j.e.StandardJMeterEngine: Running the test!
2025-05-22 14:41:48,039 INFO o.a.j.s.SampleEvent: List of sample_variables: []
2025-05-22 14:41:48,043 INFO o.a.j.g.u.JMeterMenuBar: setRunning(true, *local*)
2025-05-22 14:41:48,092 INFO o.a.j.e.StandardJMeterEngine: Starting ThreadGroup: 1 : Thread Group
2025-05-22 14:41:48,092 INFO o.a.j.e.StandardJMeterEngine: Starting 1 threads for group Thread Group.
2025-05-22 14:41:48,092 INFO o.a.j.e.StandardJMeterEngine: Thread will continue on error
2025-05-22 14:41:48,093 INFO o.a.j.t.ThreadGroup: Starting thread group... number=1 threads=1 ramp-up=1 delayedStart=false
2025-05-22 14:41:48,093 INFO o.a.j.t.ThreadGroup: Started thread group number 1
2025-05-22 14:41:48,094 INFO o.a.j.e.StandardJMeterEngine: All thread groups have been started
2025-05-22 14:41:48,094 INFO o.a.j.t.JMeterThread: Thread started: Thread Group 1-1
2025-05-22 14:41:48,105 INFO o.a.j.t.JMeterThread: Thread is done: Thread Group 1-1
2025-05-22 14:41:48,105 INFO o.a.j.t.JMeterThread: Thread finished: Thread Group 1-1
2025-05-22 14:41:48,106 INFO o.a.j.e.StandardJMeterEngine: Notifying test listeners of end of test
2025-05-22 14:41:48,106 INFO o.a.j.g.u.JMeterMenuBar: setRunning(false, *local*)
2025-05-22 14:44:46,558 INFO o.a.j.e.StandardJMeterEngine: Running the test!
2025-05-22 14:44:46,559 INFO o.a.j.s.SampleEvent: List of sample_variables: []
2025-05-22 14:44:46,561 INFO o.a.j.g.u.JMeterMenuBar: setRunning(true, *local*)
2025-05-22 14:44:46,619 INFO o.a.j.e.StandardJMeterEngine: Starting ThreadGroup: 1 : Thread Group
2025-05-22 14:44:46,620 INFO o.a.j.e.StandardJMeterEngine: Starting 1 threads for group Thread Group.
2025-05-22 14:44:46,620 INFO o.a.j.e.StandardJMeterEngine: Thread will continue on error
2025-05-22 14:44:46,620 INFO o.a.j.t.ThreadGroup: Starting thread group... number=1 threads=1 ramp-up=1 delayedStart=false
2025-05-22 14:44:46,621 INFO o.a.j.t.ThreadGroup: Started thread group number 1
2025-05-22 14:44:46,622 INFO o.a.j.e.StandardJMeterEngine: All thread groups have been started
2025-05-22 14:44:46,622 INFO o.a.j.t.JMeterThread: Thread started: Thread Group 1-1
2025-05-22 14:44:46,634 INFO o.a.j.t.JMeterThread: Thread is done: Thread Group 1-1
2025-05-22 14:44:46,634 INFO o.a.j.t.JMeterThread: Thread finished: Thread Group 1-1
2025-05-22 14:44:46,634 INFO o.a.j.e.StandardJMeterEngine: Notifying test listeners of end of test
2025-05-22 14:44:46,635 INFO o.a.j.g.u.JMeterMenuBar: setRunning(false, *local*)
2025-05-22 14:48:47,400 INFO o.a.j.e.StandardJMeterEngine: Running the test!
2025-05-22 14:48:47,401 INFO o.a.j.s.SampleEvent: List of sample_variables: []
2025-05-22 14:48:47,404 INFO o.a.j.g.u.JMeterMenuBar: setRunning(true, *local*)
2025-05-22 14:48:47,454 INFO o.a.j.e.StandardJMeterEngine: Starting ThreadGroup: 1 : Thread Group
2025-05-22 14:48:47,455 INFO o.a.j.e.StandardJMeterEngine: Starting 1 threads for group Thread Group.
2025-05-22 14:48:47,455 INFO o.a.j.e.StandardJMeterEngine: Thread will continue on error
2025-05-22 14:48:47,455 INFO o.a.j.t.ThreadGroup: Starting thread group... number=1 threads=1 ramp-up=1 delayedStart=false
2025-05-22 14:48:47,456 INFO o.a.j.t.ThreadGroup: Started thread group number 1
2025-05-22 14:48:47,456 INFO o.a.j.e.StandardJMeterEngine: All thread groups have been started
2025-05-22 14:48:47,457 INFO o.a.j.t.JMeterThread: Thread started: Thread Group 1-1
2025-05-22 14:48:47,563 INFO o.a.j.t.JMeterThread: Thread is done: Thread Group 1-1
2025-05-22 14:48:47,564 INFO o.a.j.t.JMeterThread: Thread finished: Thread Group 1-1
2025-05-22 14:48:47,564 INFO o.a.j.e.StandardJMeterEngine: Notifying test listeners of end of test
2025-05-22 14:48:47,564 INFO o.a.j.g.u.JMeterMenuBar: setRunning(false, *local*)
2025-05-22 14:50:09,354 INFO o.a.j.e.StandardJMeterEngine: Running the test!
2025-05-22 14:50:09,355 INFO o.a.j.s.SampleEvent: List of sample_variables: []
2025-05-22 14:50:09,362 INFO o.a.j.g.u.JMeterMenuBar: setRunning(true, *local*)
2025-05-22 14:50:09,367 INFO o.a.j.e.StandardJMeterEngine: Starting ThreadGroup: 1 : Thread Group
2025-05-22 14:50:09,368 INFO o.a.j.e.StandardJMeterEngine: Starting 1 threads for group Thread Group.
2025-05-22 14:50:09,368 INFO o.a.j.e.StandardJMeterEngine: Thread will continue on error
2025-05-22 14:50:09,368 INFO o.a.j.t.ThreadGroup: Starting thread group... number=1 threads=1 ramp-up=1 delayedStart=false
2025-05-22 14:50:09,368 INFO o.a.j.t.ThreadGroup: Started thread group number 1
2025-05-22 14:50:09,369 INFO o.a.j.t.JMeterThread: Thread started: Thread Group 1-1
2025-05-22 14:50:09,370 INFO o.a.j.e.StandardJMeterEngine: All thread groups have been started
2025-05-22 14:50:09,383 INFO o.a.j.t.JMeterThread: Thread is done: Thread Group 1-1
2025-05-22 14:50:09,384 INFO o.a.j.t.JMeterThread: Thread finished: Thread Group 1-1
2025-05-22 14:50:09,384 INFO o.a.j.e.StandardJMeterEngine: Notifying test listeners of end of test
2025-05-22 14:50:09,384 INFO o.a.j.g.u.JMeterMenuBar: setRunning(false, *local*)
2025-05-22 15:00:20,191 INFO o.a.j.e.StandardJMeterEngine: Running the test!
2025-05-22 15:00:20,192 INFO o.a.j.s.SampleEvent: List of sample_variables: []
2025-05-22 15:00:20,195 INFO o.a.j.g.u.JMeterMenuBar: setRunning(true, *local*)
2025-05-22 15:00:20,254 INFO o.a.j.e.StandardJMeterEngine: Starting ThreadGroup: 1 : Thread Group
2025-05-22 15:00:20,254 INFO o.a.j.e.StandardJMeterEngine: Starting 1 threads for group Thread Group.
2025-05-22 15:00:20,254 INFO o.a.j.e.StandardJMeterEngine: Thread will continue on error
2025-05-22 15:00:20,254 INFO o.a.j.t.ThreadGroup: Starting thread group... number=1 threads=1 ramp-up=1 delayedStart=false
2025-05-22 15:00:20,255 INFO o.a.j.t.ThreadGroup: Started thread group number 1
2025-05-22 15:00:20,256 INFO o.a.j.t.JMeterThread: Thread started: Thread Group 1-1
2025-05-22 15:00:20,256 INFO o.a.j.e.StandardJMeterEngine: All thread groups have been started
2025-05-22 15:00:20,357 INFO o.a.j.t.JMeterThread: Thread is done: Thread Group 1-1
2025-05-22 15:00:20,358 INFO o.a.j.t.JMeterThread: Thread finished: Thread Group 1-1
2025-05-22 15:00:20,358 INFO o.a.j.e.StandardJMeterEngine: Notifying test listeners of end of test
2025-05-22 15:00:20,358 INFO o.a.j.g.u.JMeterMenuBar: setRunning(false, *local*)
2025-05-22 15:24:22,435 INFO o.a.j.e.StandardJMeterEngine: Running the test!
2025-05-22 15:24:22,436 INFO o.a.j.s.SampleEvent: List of sample_variables: []
2025-05-22 15:24:22,440 INFO o.a.j.g.u.JMeterMenuBar: setRunning(true, *local*)
2025-05-22 15:24:22,503 INFO o.a.j.e.StandardJMeterEngine: Starting ThreadGroup: 1 : Thread Group
2025-05-22 15:24:22,504 INFO o.a.j.e.StandardJMeterEngine: Starting 1 threads for group Thread Group.
2025-05-22 15:24:22,504 INFO o.a.j.e.StandardJMeterEngine: Thread will continue on error
2025-05-22 15:24:22,504 INFO o.a.j.t.ThreadGroup: Starting thread group... number=1 threads=1 ramp-up=1 delayedStart=false
2025-05-22 15:24:22,505 INFO o.a.j.t.ThreadGroup: Started thread group number 1
2025-05-22 15:24:22,505 INFO o.a.j.e.StandardJMeterEngine: All thread groups have been started
2025-05-22 15:24:22,506 INFO o.a.j.t.JMeterThread: Thread started: Thread Group 1-1
2025-05-22 15:24:22,650 INFO o.a.j.t.JMeterThread: Thread is done: Thread Group 1-1
2025-05-22 15:24:22,650 INFO o.a.j.t.JMeterThread: Thread finished: Thread Group 1-1
2025-05-22 15:24:22,651 INFO o.a.j.e.StandardJMeterEngine: Notifying test listeners of end of test
2025-05-22 15:24:22,651 INFO o.a.j.g.u.JMeterMenuBar: setRunning(false, *local*)
